Using pre-set license
Built from '2020.2/staging' branch; Version is '2020.2.7f1 (c53830e277f1) revision 12924976'; Using compiler version '192528614'; Build Type 'Release'
OS: 'Windows 10 Pro; OS build 19042.867; Version 2009; 64bit' Language: 'en' Physical Memory: 32702 MB
BatchMode: 1, IsHumanControllingUs: 0, StartBugReporterOnCrash: 0, Is64bit: 1, IsPro: 0

 COMMAND LINE ARGUMENTS:
C:\Program Files\UnityVersions\2020.2.7f1\Editor\Unity.exe
-adb2
-batchMode
-noUpm
-name
AssetImportWorker0
-projectPath
D:/GitHub/URP_2020_Shaders
-logFile
Logs/AssetImportWorker0.log
-srvPort
59305
Successfully changed project path to: D:/GitHub/URP_2020_Shaders
D:/GitHub/URP_2020_Shaders
Using Asset Import Pipeline V2.
Refreshing native plugins compatible for Editor in 47.98 ms, found 0 plugins.
Preloading 0 native plugins for Editor in 0.00 ms.
Initialize engine version: 2020.2.7f1 (c53830e277f1)
[Subsystems] Discovering subsystems at path C:/Program Files/UnityVersions/2020.2.7f1/Editor/Data/Resources/UnitySubsystems
[Subsystems] Discovering subsystems at path D:/GitHub/URP_2020_Shaders/Assets
GfxDevice: creating device client; threaded=0
Direct3D:
    Version:  Direct3D 11.0 [level 11.1]
    Renderer: NVIDIA GeForce RTX 2080 Ti (ID=0x1e07)
    Vendor:   
    VRAM:     11048 MB
    Driver:   27.21.14.5671
Initialize mono
Mono path[0] = 'C:/Program Files/UnityVersions/2020.2.7f1/Editor/Data/Managed'
Mono path[1] = 'C:/Program Files/UnityVersions/2020.2.7f1/Editor/Data/MonoBleedingEdge/lib/mono/unityjit'
Mono config path = 'C:/Program Files/UnityVersions/2020.2.7f1/Editor/Data/MonoBleedingEdge/etc'
Using monoOptions --debugger-agent=transport=dt_socket,embedding=1,server=y,suspend=n,address=127.0.0.1:56324
Begin MonoManager ReloadAssembly
Registering precompiled unity dll's ...
Register platform support module: C:/Program Files/UnityVersions/2020.2.7f1/Editor/Data/PlaybackEngines/WebGLSupport/UnityEditor.WebGL.Extensions.dll
Register platform support module: C:/Program Files/UnityVersions/2020.2.7f1/Editor/Data/PlaybackEngines/WindowsStandaloneSupport/UnityEditor.WindowsStandalone.Extensions.dll
Registered in 0.001566 seconds.
Native extension for WindowsStandalone target not found
Native extension for WebGL target not found
Refreshing native plugins compatible for Editor in 46.71 ms, found 0 plugins.
Preloading 0 native plugins for Editor in 0.00 ms.
Invoked RoslynAnalysisRunner static constructor.
RoslynAnalysisRunner will not be running.
RoslynAnalysisRunner has terminated.
Mono: successfully reloaded assembly
- Completed reload, in  1.043 seconds
Platform modules already initialized, skipping
Registering precompiled user dll's ...
Registered in 0.001179 seconds.
Begin MonoManager ReloadAssembly
Native extension for WindowsStandalone target not found
Native extension for WebGL target not found
Refreshing native plugins compatible for Editor in 52.76 ms, found 0 plugins.
Preloading 0 native plugins for Editor in 0.00 ms.
Invoked RoslynAnalysisRunner static constructor.
RoslynAnalysisRunner will not be running.
RoslynAnalysisRunner has terminated.
Mono: successfully reloaded assembly
- Completed reload, in  1.107 seconds
Platform modules already initialized, skipping
========================================================================
Worker process is ready to serve import requests
Shader 'Universal Render Pipeline/Particles/Lit': fallback shader 'Universal Render Pipeline/Particles/SimpleLit' not found
Shader 'Universal Render Pipeline/Particles/Lit': fallback shader 'Universal Render Pipeline/Particles/SimpleLit' not found
Launched and connected shader compiler UnityShaderCompiler.exe after 0.10 seconds
Refreshing native plugins compatible for Editor in 1.22 ms, found 0 plugins.
Preloading 0 native plugins for Editor in 0.00 ms.
Unloading 2899 Unused Serialized files (Serialized files now loaded: 0)
System memory in use before: 133.7 MB.
System memory in use after: 131.5 MB.

Unloading 126 unused Assets to reduce memory usage. Loaded Objects now: 3303.
Total: 4.162900 ms (FindLiveObjects: 0.293400 ms CreateObjectMapping: 0.215500 ms MarkObjects: 2.382300 ms  DeleteObjects: 1.269800 ms)

========================================================================
Received Import Request.
  path: Assets/_Project/Textures/Hatching_001_PseudoSeamlessBlack.png
  artifactKey: Guid(e61bb9ea01781da4c894001debbb91f9) Importer(815301076,1909f56bfc062723c751e8b465ee728b)
Start importing Assets/_Project/Textures/Hatching_001_PseudoSeamlessBlack.png using Guid(e61bb9ea01781da4c894001debbb91f9) Importer(815301076,1909f56bfc062723c751e8b465ee728b)  -> (artifact id: 'febbb83317983e7cb9a5425dedee078f') in 0.108475 seconds
  Import took 0.114285 seconds .

========================================================================
Received Import Request.
  Time since last request: 0.000196 seconds.
  path: Assets/_Project/Textures/Scribbles_001.png
  artifactKey: Guid(299a603982eaca746863c4d3de344738) Importer(815301076,1909f56bfc062723c751e8b465ee728b)
Start importing Assets/_Project/Textures/Scribbles_001.png using Guid(299a603982eaca746863c4d3de344738) Importer(815301076,1909f56bfc062723c751e8b465ee728b)  -> (artifact id: '6cc8d241ce8db6d8c7255a9a6ef5750f') in 0.005658 seconds
  Import took 0.009654 seconds .

========================================================================
Received Import Request.
  Time since last request: 0.000624 seconds.
  path: Assets/_Project/Textures/Hatching_001.png
  artifactKey: Guid(678263ae4598ab04ca2437ae149950bd) Importer(815301076,1909f56bfc062723c751e8b465ee728b)
Start importing Assets/_Project/Textures/Hatching_001.png using Guid(678263ae4598ab04ca2437ae149950bd) Importer(815301076,1909f56bfc062723c751e8b465ee728b)  -> (artifact id: 'e1f3527d71a6fb0a4275640c0aa5a76c') in 0.088256 seconds
  Import took 0.096595 seconds .

========================================================================
Received Import Request.
  Time since last request: 0.000219 seconds.
  path: Assets/_Project/Textures/Palette_001.psd
  artifactKey: Guid(9823ce073c3baa048a52d3e193932e00) Importer(815301076,1909f56bfc062723c751e8b465ee728b)
Start importing Assets/_Project/Textures/Palette_001.psd using Guid(9823ce073c3baa048a52d3e193932e00) Importer(815301076,1909f56bfc062723c751e8b465ee728b)  -> (artifact id: 'dc8a2b1c581f998237874b1b9af4aba5') in 0.040080 seconds
  Import took 0.043861 seconds .

========================================================================
Received Import Request.
  Time since last request: 0.000195 seconds.
  path: Assets/_Project/Textures/Palette_001.png
  artifactKey: Guid(f4c0ace1353757b409396638740e1381) Importer(815301076,1909f56bfc062723c751e8b465ee728b)
Start importing Assets/_Project/Textures/Palette_001.png using Guid(f4c0ace1353757b409396638740e1381) Importer(815301076,1909f56bfc062723c751e8b465ee728b)  -> (artifact id: '0fd6a52881bd2c1addddd822f5b17a6c') in 0.004396 seconds
  Import took 0.008459 seconds .

========================================================================
Received Import Request.
  Time since last request: 0.000211 seconds.
  path: Assets/_Project/Textures/TEX_Hatching.png
  artifactKey: Guid(cd1b1a18d84576a43ae96a310a2df203) Importer(815301076,1909f56bfc062723c751e8b465ee728b)
Start importing Assets/_Project/Textures/TEX_Hatching.png using Guid(cd1b1a18d84576a43ae96a310a2df203) Importer(815301076,1909f56bfc062723c751e8b465ee728b)  -> (artifact id: 'bf249a53a0cd63d9fe491cfcf0e91ee1') in 0.039326 seconds
  Import took 0.044820 seconds .

========================================================================
Received Import Request.
  Time since last request: 0.000196 seconds.
  path: Assets/_Project/Textures/Hatching_001_PseudoSeamless.png
  artifactKey: Guid(730116a9c30ab4d46876c571732c245d) Importer(815301076,1909f56bfc062723c751e8b465ee728b)
Start importing Assets/_Project/Textures/Hatching_001_PseudoSeamless.png using Guid(730116a9c30ab4d46876c571732c245d) Importer(815301076,1909f56bfc062723c751e8b465ee728b)  -> (artifact id: '445c76e7c34574655d132eab3695e406') in 0.095446 seconds
  Import took 0.100457 seconds .

========================================================================
Received Import Request.
  Time since last request: 200.993822 seconds.
  path: Assets/_Project/Shaders/InClassPixel.shadergraph
  artifactKey: Guid(9e3ab4ab4ed8d4c49bcb755810353681) Importer(815301076,1909f56bfc062723c751e8b465ee728b)
Start importing Assets/_Project/Shaders/InClassPixel.shadergraph using Guid(9e3ab4ab4ed8d4c49bcb755810353681) Importer(815301076,1909f56bfc062723c751e8b465ee728b)  -> (artifact id: 'fd8762e28b972fc2e22a269b12286ab3') in 0.008042 seconds
  Import took 0.013124 seconds .

========================================================================
Received Import Request.
  Time since last request: 0.296404 seconds.
  path: Assets/_Project/Shaders/InClassPixel.shadergraph
  artifactKey: Guid(9e3ab4ab4ed8d4c49bcb755810353681) Importer(815301076,1909f56bfc062723c751e8b465ee728b)
Start importing Assets/_Project/Shaders/InClassPixel.shadergraph using Guid(9e3ab4ab4ed8d4c49bcb755810353681) Importer(815301076,1909f56bfc062723c751e8b465ee728b)  -> (artifact id: 'fd8762e28b972fc2e22a269b12286ab3') in 0.002186 seconds
  Import took 0.006964 seconds .

========================================================================
Received Import Request.
  Time since last request: 13.209966 seconds.
  path: Assets/_Project/Shaders/Shader InClassPixel.mat
  artifactKey: Guid(bbf46ce6e82e9a9459ebbd29321ad989) Importer(815301076,1909f56bfc062723c751e8b465ee728b)
Start importing Assets/_Project/Shaders/Shader InClassPixel.mat using Guid(bbf46ce6e82e9a9459ebbd29321ad989) Importer(815301076,1909f56bfc062723c751e8b465ee728b)  -> (artifact id: '5ed2b463c4c2972603fe5e8a3283118a') in 0.171992 seconds
  Import took 0.176710 seconds .

========================================================================
Received Import Request.
  Time since last request: 8.203232 seconds.
  path: Assets/_Project/Shaders/InClassPixel.mat
  artifactKey: Guid(32c1a4994a3557340a995114af0ffd9c) Importer(815301076,1909f56bfc062723c751e8b465ee728b)
Start importing Assets/_Project/Shaders/InClassPixel.mat using Guid(32c1a4994a3557340a995114af0ffd9c) Importer(815301076,1909f56bfc062723c751e8b465ee728b)  -> (artifact id: '155f5b51c1fcd58ff517e0913105d16c') in 0.017019 seconds
  Import took 0.024371 seconds .

========================================================================
Received Import Request.
  Time since last request: 1288.640668 seconds.
  path: Assets/_Project/Shaders/CustomHardLighting.shadergraph
  artifactKey: Guid(7b5c52a4c25101942931bc05079474a0) Importer(815301076,1909f56bfc062723c751e8b465ee728b)
Start importing Assets/_Project/Shaders/CustomHardLighting.shadergraph using Guid(7b5c52a4c25101942931bc05079474a0) Importer(815301076,1909f56bfc062723c751e8b465ee728b)  -> (artifact id: '2eb9ccc0d5f51412ac4585e58b45bbb5') in 0.002019 seconds
  Import took 0.026669 seconds .

========================================================================
Received Import Request.
  Time since last request: 3.581668 seconds.
  path: Assets/_Project/Shaders/CustomToonLighting.shadergraph
  artifactKey: Guid(c4ef85c2f77251b4c95ed1f90b8ea620) Importer(815301076,1909f56bfc062723c751e8b465ee728b)
Start importing Assets/_Project/Shaders/CustomToonLighting.shadergraph using Guid(c4ef85c2f77251b4c95ed1f90b8ea620) Importer(815301076,1909f56bfc062723c751e8b465ee728b)  -> (artifact id: 'ce620d9a18d39c20af756de4238e8fc3') in 0.001540 seconds
  Import took 0.005323 seconds .

========================================================================
Received Import Request.
  Time since last request: 1.109353 seconds.
  path: Assets/_Project/Shaders/FlatShading.shadergraph
  artifactKey: Guid(75d2ae8856b3baf4ebb869c69db8b8bd) Importer(815301076,1909f56bfc062723c751e8b465ee728b)
Start importing Assets/_Project/Shaders/FlatShading.shadergraph using Guid(75d2ae8856b3baf4ebb869c69db8b8bd) Importer(815301076,1909f56bfc062723c751e8b465ee728b)  -> (artifact id: '77e55588141e023ce8638bc18db9d8fd') in 0.019922 seconds
  Import took 0.024595 seconds .

========================================================================
Received Import Request.
  Time since last request: 0.000495 seconds.
  path: Assets/_Project/Shaders/FlatShading.shadergraph
  artifactKey: Guid(75d2ae8856b3baf4ebb869c69db8b8bd) Importer(815301076,1909f56bfc062723c751e8b465ee728b)
Start importing Assets/_Project/Shaders/FlatShading.shadergraph using Guid(75d2ae8856b3baf4ebb869c69db8b8bd) Importer(815301076,1909f56bfc062723c751e8b465ee728b)  -> (artifact id: '77e55588141e023ce8638bc18db9d8fd') in 0.002749 seconds
  Import took 0.010757 seconds .

========================================================================
Received Import Request.
  Time since last request: 40.570237 seconds.
  path: Assets/_Project/Shaders/InClass_HardNormals.shadersubgraph
  artifactKey: Guid(483c6000c2b67db4b80980b1701849af) Importer(815301076,1909f56bfc062723c751e8b465ee728b)
Start importing Assets/_Project/Shaders/InClass_HardNormals.shadersubgraph using Guid(483c6000c2b67db4b80980b1701849af) Importer(815301076,1909f56bfc062723c751e8b465ee728b)  -> (artifact id: '3cc72f5583855e38abe65b22d7741c94') in 0.010154 seconds
  Import took 0.018683 seconds .

========================================================================
Received Import Request.
  Time since last request: 1005.500011 seconds.
  path: Assets/_Project/Shaders/Skybox/FlatGradientSkybox.shadergraph
  artifactKey: Guid(fe25dd860974d6f4d842e00618726b3e) Importer(815301076,1909f56bfc062723c751e8b465ee728b)
Start importing Assets/_Project/Shaders/Skybox/FlatGradientSkybox.shadergraph using Guid(fe25dd860974d6f4d842e00618726b3e) Importer(815301076,1909f56bfc062723c751e8b465ee728b)  -> (artifact id: 'b636659d71e876fe0af54996688777a2') in 0.002081 seconds
  Import took 0.010861 seconds .

========================================================================
Received Import Request.
  Time since last request: 180.029955 seconds.
  path: Assets/_Project/Shaders/Skybox/GradientMappedSkybox.shadersubgraph
  artifactKey: Guid(e52d532ec7f421c4fb08220957ec9ac1) Importer(815301076,1909f56bfc062723c751e8b465ee728b)
Start importing Assets/_Project/Shaders/Skybox/GradientMappedSkybox.shadersubgraph using Guid(e52d532ec7f421c4fb08220957ec9ac1) Importer(815301076,1909f56bfc062723c751e8b465ee728b)  -> (artifact id: '37247181435255eb3f585089cfe3e950') in 0.004747 seconds
  Import took 0.010217 seconds .

========================================================================
Received Import Request.
  Time since last request: 14.452781 seconds.
  path: Assets/_Project/Shaders/Skybox/GradientMappedSkybox.shadersubgraph
  artifactKey: Guid(e52d532ec7f421c4fb08220957ec9ac1) Importer(815301076,1909f56bfc062723c751e8b465ee728b)
Start importing Assets/_Project/Shaders/Skybox/GradientMappedSkybox.shadersubgraph using Guid(e52d532ec7f421c4fb08220957ec9ac1) Importer(815301076,1909f56bfc062723c751e8b465ee728b)  -> (artifact id: '55763744fb096fe998bee18889093771') in 0.017359 seconds
  Import took 0.059463 seconds .

========================================================================
Received Import Request.
  Time since last request: 10.442422 seconds.
  path: Assets/_Project/Shaders/Skybox/GradientMappedSkybox.shadersubgraph
  artifactKey: Guid(e52d532ec7f421c4fb08220957ec9ac1) Importer(815301076,1909f56bfc062723c751e8b465ee728b)
Start importing Assets/_Project/Shaders/Skybox/GradientMappedSkybox.shadersubgraph using Guid(e52d532ec7f421c4fb08220957ec9ac1) Importer(815301076,1909f56bfc062723c751e8b465ee728b)  -> (artifact id: 'ddffe786126648eb0926ba9d05cc2db3') in 0.034403 seconds
  Import took 0.063695 seconds .

========================================================================
Received Import Request.
  Time since last request: 6.072254 seconds.
  path: Assets/_Project/Shaders/Skybox/GradientMappedSkybox.shadersubgraph
  artifactKey: Guid(e52d532ec7f421c4fb08220957ec9ac1) Importer(815301076,1909f56bfc062723c751e8b465ee728b)
Start importing Assets/_Project/Shaders/Skybox/GradientMappedSkybox.shadersubgraph using Guid(e52d532ec7f421c4fb08220957ec9ac1) Importer(815301076,1909f56bfc062723c751e8b465ee728b)  -> (artifact id: '73d9f97f460bc2b00ddb03a2cb986ba9') in 0.008245 seconds
  Import took 0.027707 seconds .

========================================================================
Received Import Request.
  Time since last request: 37.487775 seconds.
  path: Assets/_Project/Shaders/Skybox/GradientMappedSkybox.shadersubgraph
  artifactKey: Guid(e52d532ec7f421c4fb08220957ec9ac1) Importer(815301076,1909f56bfc062723c751e8b465ee728b)
Start importing Assets/_Project/Shaders/Skybox/GradientMappedSkybox.shadersubgraph using Guid(e52d532ec7f421c4fb08220957ec9ac1) Importer(815301076,1909f56bfc062723c751e8b465ee728b)  -> (artifact id: '0fa6f96a2debba475298419b4704824d') in 0.007752 seconds
  Import took 0.012749 seconds .

AssetImportWorkerClient::OnTransportError - code=2 error=End of file
